<?xml version="1.0" encoding="utf-8"?><testsuites name="pytest tests"><testsuite name="pytest" errors="0" failures="1" skipped="0" tests="25" time="24.943" timestamp="2026-09-08T18:45:00.115215+00:00" hostname="agent-env-ad6357be-a86e-4afd-ae69-d3f3185eef7d"><testcase classname="tests.backend_test.TestOtpAuth" name="test_request_otp_valid" time="1.470" /><testcase classname="tests.backend_test.TestAdmin" name="test_stats" time="1.511" /><testcase classname="tests.backend_test.TestOtpAuth" name="test_request_otp_with_spaces" time="0.729" /><testcase classname="tests.backend_test.TestAdmin" name="test_orders_list" time="0.695" /><testcase classname="tests.backend_test.TestOtpAuth" name="test_request_otp_invalid" time="0.695" /><testcase classname="tests.backend_test.TestOtpAuth" name="test_verify_wrong_code" time="1.601" /><testcase classname="tests.backend_test.TestAdmin" name="test_update_fulfillment" time="4.957" /><testcase classname="tests.backend_test.TestOtpAuth" name="test_verify_correct_and_single_use" time="2.939" /><testcase classname="tests.backend_test.TestAdmin" name="test_products_list" time="0.277" /><testcase classname="tests.backend_test.TestAdmin" name="test_update_product_and_oos_checkout" time="2.459" /><testcase classname="tests.backend_test.TestOtpAuth" name="test_me_and_patch" time="4.161" /><testcase classname="tests.backend_test.TestAdmin" name="test_emails_log" time="0.577" /><testcase classname="tests.backend_test.TestAdmin" name="test_resend_email_unpaid_404" time="1.490" /><testcase classname="tests.backend_test.TestOtpAuth" name="test_rate_limit" time="5.898" /><testcase classname="tests.backend_test.TestAdminAuth" name="test_login_success" time="1.049" /><testcase classname="tests.backend_test.TestAdminAuth" name="test_login_wrong_password" time="1.000" /><testcase classname="tests.backend_test.TestAdminAuth" name="test_admin_orders_requires_admin" time="2.362" /><testcase classname="tests.backend_test.TestSupportRegression" name="test_tiers" time="0.780" /><testcase classname="tests.backend_test.TestSupportRegression" name="test_support_checkout" time="0.937" /><testcase classname="tests.backend_test.TestCartCheckout" name="test_no_token" time="0.637" /><testcase classname="tests.backend_test.TestCartCheckout" name="test_success" time="2.568"><failure message="assert 384800 == (144000 + 239800)">backend/tests/backend_test.py:171: in test_success
    assert this["subtotal"] == 144000 + 239800  # 383800
    ^^^^^^^^^^^^^^^^^^^^^^^^^^^^^^^^^^^^^^^^^^
E   assert 384800 == (144000 + 239800)</failure></testcase><testcase classname="tests.backend_test.TestCartCheckout" name="test_unknown_variant" time="0.277" /><testcase classname="tests.backend_test.TestCartCheckout" name="test_unknown_product" time="0.305" /><testcase classname="tests.backend_test.TestCartCheckout" name="test_bad_pincode" time="0.318" /><testcase classname="tests.backend_test.TestCartCheckout" name="test_empty_items" time="0.279" /></testsuite></testsuites>