<?xml version="1.0" encoding="utf-8"?><testsuites name="pytest tests"><testsuite name="pytest" errors="0" failures="0" skipped="0" tests="10" time="7.489" timestamp="2026-09-08T18:13:48.460452+00:00" hostname="agent-env-ad6357be-a86e-4afd-ae69-d3f3185eef7d"><testcase classname="tests.backend_test.TestProducts" name="test_list_products_returns_10" time="2.028" /><testcase classname="tests.backend_test.TestProductCheckout" name="test_checkout_success" time="2.542" /><testcase classname="tests.backend_test.TestProducts" name="test_products_have_variants_and_no_affiliate_url" time="0.467" /><testcase classname="tests.backend_test.TestProducts" name="test_get_product_by_id" time="0.481" /><testcase classname="tests.backend_test.TestProductCheckout" name="test_checkout_invalid_variant_400" time="0.384" /><testcase classname="tests.backend_test.TestProductCheckout" name="test_checkout_unknown_product_404" time="0.332" /><testcase classname="tests.backend_test.TestProducts" name="test_get_product_unknown_404" time="0.352" /><testcase classname="tests.backend_test.TestProductCheckout" name="test_checkout_qty_zero_422" time="0.311" /><testcase classname="tests.backend_test.TestSupportCheckout" name="test_support_checkout_and_status" time="1.616" /><testcase classname="tests.backend_test.TestProductCheckout" name="test_checkout_qty_eleven_422" time="0.633" /></testsuite></testsuites>